<?xml version="1.0" encoding="UTF-8"?>
<testsuite xmlns:xsi="http://www.w3.org/2001/XMLSchema-instance" xsi:noNamespaceSchemaLocation="https://maven.apache.org/surefire/maven-surefire-plugin/xsd/surefire-test-report-3.0.xsd" version="3.0" name="com.backend.BackendApplicationTest" time="2.961" tests="1" errors="0" skipped="0" failures="0">
  <properties>
[...]
</properties>
  <testcase name="mainTest" classname="com.backend.BackendApplicationTest" time="0.58">
    <system-out><![CDATA[
  .   ____          _            __ _ _
 /\\ / ___'_ __ _ _(_)_ __  __ _ \ \ \ \
( ( )\___ | '_ | '_| | '_ \/ _` | \ \ \ \
 \\/  ___)| |_)| | | | | || (_| |  ) ) ) )
  '  |____| .__|_| |_|_| |_\__, | / / / /
 =========|_|==============|___/=/_/_/_/

 :: Spring Boot ::                (v3.3.6)

08:08:33.171 [background-preinit] INFO  o.h.validator.internal.util.Version - HV000001: Hibernate Validator 8.0.1.Final
08:08:33.180 [main] INFO  com.backend.BackendApplicationTest - Starting BackendApplicationTest using Java 21.0.3 with PID 3923 (started by laercioleal in /Users/laercioleal/Work/Studies/Test/code-challenge-srm)
08:08:33.180 [main] INFO  com.backend.BackendApplicationTest - No active profile set, falling back to 1 default profile: "default"
08:08:33.669 [main] INFO  com.zaxxer.hikari.HikariDataSource - HikariPool-1 - Starting...
08:08:33.750 [main] INFO  com.zaxxer.hikari.pool.HikariPool - HikariPool-1 - Added connection conn0: url=jdbc:h2:mem:crud user=CRUD
08:08:33.750 [main] INFO  com.zaxxer.hikari.HikariDataSource - HikariPool-1 - Start completed.
08:08:33.778 [main] INFO  liquibase.database - Set default schema name to PUBLIC
08:08:33.924 [main] INFO  liquibase.changelog - Reading resource: db/changelog/changes/001-initial_script.sql
08:08:33.943 [main] INFO  liquibase.changelog - Creating database history table with name: PUBLIC.DATABASECHANGELOG
08:08:34.000 [main] INFO  liquibase.changelog - Reading from PUBLIC.DATABASECHANGELOG
08:08:34.014 [main] INFO  liquibase.lockservice - Successfully acquired change log lock
08:08:34.015 [main] INFO  liquibase.command - Using deploymentId: 3915314015
08:08:34.015 [main] INFO  liquibase.changelog - Reading from PUBLIC.DATABASECHANGELOG
08:08:34.023 [main] INFO  liquibase.ui - Running Changeset: db/changelog/changes/001-initial_script.sql::raw::includeAll
08:08:34.040 [main] INFO  liquibase.changelog - Custom SQL executed
08:08:34.040 [main] INFO  liquibase.changelog - ChangeSet db/changelog/changes/001-initial_script.sql::raw::includeAll ran successfully in 17ms
08:08:34.043 [main] INFO  liquibase.util - UPDATE SUMMARY
08:08:34.043 [main] INFO  liquibase.util - Run:                          1
08:08:34.043 [main] INFO  liquibase.util - Previously run:               0
08:08:34.043 [main] INFO  liquibase.util - Filtered out:                 0
08:08:34.043 [main] INFO  liquibase.util - -------------------------------
08:08:34.043 [main] INFO  liquibase.util - Total change sets:            1
08:08:34.044 [main] INFO  liquibase.util - Update summary generated
08:08:34.044 [main] INFO  liquibase.command - Update command completed successfully.
08:08:34.044 [main] INFO  liquibase.ui - Liquibase: Update has been successful. Rows affected: 1
08:08:34.045 [main] INFO  liquibase.lockservice - Successfully released change log lock
08:08:34.045 [main] INFO  liquibase.command - Command execution complete
08:08:34.078 [main] INFO  o.h.jpa.internal.util.LogHelper - HHH000204: Processing PersistenceUnitInfo [name: default]
08:08:34.104 [main] INFO  org.hibernate.Version - HHH000412: Hibernate ORM core version 6.5.3.Final
08:08:34.118 [main] INFO  o.h.c.i.RegionFactoryInitiator - HHH000026: Second-level cache disabled
08:08:34.235 [main] WARN  org.hibernate.orm.deprecation - HHH90000025: H2Dialect does not need to be specified explicitly using 'hibernate.dialect' (remove the property setting and it will be selected by default)
08:08:34.536 [main] INFO  o.h.e.t.j.p.i.JtaPlatformInitiator - HHH000489: No JTA platform available (set 'hibernate.transaction.jta.platform' to enable JTA platform integration)
08:08:34.547 [main] DEBUG org.hibernate.SQL - alter table if exists tb_item_comercializado alter column nome_item set data type varchar(255)
Hibernate: alter table if exists tb_item_comercializado alter column nome_item set data type varchar(255)
08:08:34.548 [main] DEBUG org.hibernate.SQL - alter table if exists tb_item_comercializado alter column preco_base set data type numeric(38,2)
Hibernate: alter table if exists tb_item_comercializado alter column preco_base set data type numeric(38,2)
08:08:34.551 [main] DEBUG org.hibernate.SQL - alter table if exists tb_item_comercializado alter column reino_origem set data type varchar(255)
Hibernate: alter table if exists tb_item_comercializado alter column reino_origem set data type varchar(255)
08:08:34.551 [main] DEBUG org.hibernate.SQL - alter table if exists tb_moeda alter column nome_moeda set data type varchar(255)
Hibernate: alter table if exists tb_moeda alter column nome_moeda set data type varchar(255)
08:08:34.551 [main] DEBUG org.hibernate.SQL - alter table if exists tb_moeda alter column taxa_cambio set data type numeric(38,2)
Hibernate: alter table if exists tb_moeda alter column taxa_cambio set data type numeric(38,2)
08:08:34.553 [main] DEBUG org.hibernate.SQL - alter table if exists tb_transacao alter column moeda_destino set data type varchar(255)
Hibernate: alter table if exists tb_transacao alter column moeda_destino set data type varchar(255)
08:08:34.553 [main] DEBUG org.hibernate.SQL - alter table if exists tb_transacao alter column moeda_origem set data type varchar(255)
Hibernate: alter table if exists tb_transacao alter column moeda_origem set data type varchar(255)
08:08:34.553 [main] DEBUG org.hibernate.SQL - alter table if exists tb_transacao alter column nome_item set data type varchar(255)
Hibernate: alter table if exists tb_transacao alter column nome_item set data type varchar(255)
08:08:34.554 [main] DEBUG org.hibernate.SQL - alter table if exists tb_transacao alter column valor set data type numeric(38,2)
Hibernate: alter table if exists tb_transacao alter column valor set data type numeric(38,2)
08:08:34.556 [main] DEBUG org.hibernate.SQL - alter table if exists tb_transacao alter column valor_convertido set data type numeric(38,2)
Hibernate: alter table if exists tb_transacao alter column valor_convertido set data type numeric(38,2)
08:08:35.137 [main] WARN  o.s.b.a.o.j.JpaBaseConfiguration$JpaWebConfiguration - spring.jpa.open-in-view is enabled by default. Therefore, database queries may be performed during view rendering. Explicitly configure spring.jpa.open-in-view to disable this warning
08:08:35.309 [main] INFO  com.backend.BackendApplicationTest - Started BackendApplicationTest in 2.218 seconds (process running for 2.569)

  .   ____          _            __ _ _
 /\\ / ___'_ __ _ _(_)_ __  __ _ \ \ \ \
( ( )\___ | '_ | '_| | '_ \/ _` | \ \ \ \
 \\/  ___)| |_)| | | | | || (_| |  ) ) ) )
  '  |____| .__|_| |_|_| |_\__, | / / / /
 =========|_|==============|___/=/_/_/_/

 :: Spring Boot ::                (v3.3.6)

08:08:35.574 [main] INFO  com.backend.BackendApplication - Starting BackendApplication using Java 21.0.3 with PID 3923 (started by laercioleal in /Users/laercioleal/Work/Studies/Test/code-challenge-srm)
08:08:35.574 [main] INFO  com.backend.BackendApplication - No active profile set, falling back to 1 default profile: "default"
08:08:35.702 [main] INFO  o.a.coyote.http11.Http11NioProtocol - Initializing ProtocolHandler ["http-nio-8080"]
08:08:35.703 [main] INFO  o.a.catalina.core.StandardService - Starting service [Tomcat]
08:08:35.703 [main] INFO  o.a.catalina.core.StandardEngine - Starting Servlet engine: [Apache Tomcat/10.1.33]
08:08:35.724 [main] INFO  o.a.c.c.C.[Tomcat].[localhost].[/] - Initializing Spring embedded WebApplicationContext
08:08:35.751 [main] INFO  com.zaxxer.hikari.HikariDataSource - HikariPool-2 - Starting...
08:08:35.752 [main] INFO  com.zaxxer.hikari.pool.HikariPool - HikariPool-2 - Added connection conn10: url=jdbc:h2:mem:crud user=CRUD
08:08:35.752 [main] INFO  com.zaxxer.hikari.HikariDataSource - HikariPool-2 - Start completed.
08:08:35.752 [main] INFO  liquibase.database - Set default schema name to PUBLIC
08:08:35.769 [main] INFO  liquibase.changelog - Reading resource: db/changelog/changes/001-initial_script.sql
08:08:35.777 [main] INFO  liquibase.changelog - Reading from PUBLIC.DATABASECHANGELOG
08:08:35.780 [main] INFO  liquibase.lockservice - Successfully acquired change log lock
08:08:35.780 [main] INFO  liquibase.command - Using deploymentId: 3915315780
08:08:35.781 [main] INFO  liquibase.changelog - Reading from PUBLIC.DATABASECHANGELOG
08:08:35.781 [main] INFO  liquibase.util - UPDATE SUMMARY
08:08:35.781 [main] INFO  liquibase.util - Run:                          0
08:08:35.781 [main] INFO  liquibase.util - Previously run:               1
08:08:35.781 [main] INFO  liquibase.util - Filtered out:                 0
08:08:35.781 [main] INFO  liquibase.util - -------------------------------
08:08:35.781 [main] INFO  liquibase.util - Total change sets:            1
08:08:35.781 [main] INFO  liquibase.util - Update summary generated
08:08:35.781 [main] INFO  liquibase.command - Update command completed successfully.
08:08:35.781 [main] INFO  liquibase.ui - Liquibase: Update has been successful. Rows affected: 0
08:08:35.782 [main] INFO  liquibase.lockservice - Successfully released change log lock
08:08:35.782 [main] INFO  liquibase.command - Command execution complete
08:08:35.788 [main] INFO  o.h.jpa.internal.util.LogHelper - HHH000204: Processing PersistenceUnitInfo [name: default]
08:08:35.788 [main] INFO  o.h.c.i.RegionFactoryInitiator - HHH000026: Second-level cache disabled
08:08:35.791 [main] WARN  org.hibernate.orm.deprecation - HHH90000025: H2Dialect does not need to be specified explicitly using 'hibernate.dialect' (remove the property setting and it will be selected by default)
08:08:35.817 [main] INFO  o.h.e.t.j.p.i.JtaPlatformInitiator - HHH000489: No JTA platform available (set 'hibernate.transaction.jta.platform' to enable JTA platform integration)
08:08:35.843 [main] WARN  o.s.b.a.o.j.JpaBaseConfiguration$JpaWebConfiguration - spring.jpa.open-in-view is enabled by default. Therefore, database queries may be performed during view rendering. Explicitly configure spring.jpa.open-in-view to disable this warning
08:08:35.881 [main] INFO  o.a.coyote.http11.Http11NioProtocol - Starting ProtocolHandler ["http-nio-8080"]
08:08:35.892 [main] INFO  com.backend.BackendApplication - Started BackendApplication in 0.326 seconds (process running for 3.152)
]]></system-out>
    <system-err><![CDATA[WARNING: A Java agent has been loaded dynamically (/Users/laercioleal/.m2/repository/net/bytebuddy/byte-buddy-agent/1.14.19/byte-buddy-agent-1.14.19.jar)
WARNING: If a serviceability tool is in use, please run with -XX:+EnableDynamicAgentLoading to hide this warning
WARNING: If a serviceability tool is not in use, please run with -Djdk.instrument.traceUsage for more information
WARNING: Dynamic loading of agents will be disallowed by default in a future release
]]></system-err>
  </testcase>
</testsuite>